<?xml version="1.0" encoding="UTF-8"?>
<!-- Generated by org.testng.reporters.JUnitReportReporter -->
<testsuite skipped="0" hostname="DESKTOP-OOHKJP3" name="Execution.TestMavenCI" tests="1" failures="0" timestamp="2021-09-29T20:24:19 CDT" time="0.005" errors="0">
  <testcase name="TestCI" time="0.005" classname="Execution.TestMavenCI"/>
  <system-out/>
</testsuite> <!-- Execution.TestMavenCI -->
