<?xml version="1.0" encoding="UTF-8"?>
<!-- Generated by org.testng.reporters.JUnitReportReporter -->
<testsuite hostname="DESKTOP-OOHKJP3" failures="0" tests="9" name="Execution.orgChartWorkflow" time="19.362" errors="0" timestamp="2021-07-29T16:55:15 CDT" skipped="0">
  <testcase classname="Execution.orgChartWorkflow" name="testForCertPage" time="2.084"/>
  <system-out/>
  <testcase classname="Execution.orgChartWorkflow" name="searchByEmployee" time="3.642"/>
  <system-out/>
  <testcase classname="Execution.orgChartWorkflow" name="verifySearchByEmployee" time="0.536"/>
  <system-out/>
  <testcase classname="Execution.orgChartWorkflow" name="searchByPosition" time="5.912"/>
  <system-out/>
  <testcase classname="Execution.orgChartWorkflow" name="verifySearchByPosition" time="0.272"/>
  <system-out/>
  <testcase classname="Execution.orgChartWorkflow" name="searchByGroup" time="2.382"/>
  <system-out/>
  <testcase classname="Execution.orgChartWorkflow" name="verifySearchByGroup" time="0.299"/>
  <system-out/>
  <testcase classname="Execution.orgChartWorkflow" name="searchByServices" time="3.929"/>
  <system-out/>
  <testcase classname="Execution.orgChartWorkflow" name="verifySearchByService" time="0.306"/>
  <system-out/>
</testsuite> <!-- Execution.orgChartWorkflow -->
