<?xml version="1.0" encoding="UTF-8"?>
<!-- Generated by org.testng.reporters.JUnitReportReporter -->
<testsuite hostname="DESKTOP-OOHKJP3" failures="0" tests="9" name="Execution.orgChartWorkflow" time="20.292" errors="0" timestamp="2021-08-03T15:31:17 CDT" skipped="0">
  <testcase classname="Execution.orgChartWorkflow" name="testForCertPage" time="2.096"/>
  <system-out/>
  <testcase classname="Execution.orgChartWorkflow" name="searchByEmployee" time="3.968"/>
  <system-out/>
  <testcase classname="Execution.orgChartWorkflow" name="verifySearchByEmployee" time="0.544"/>
  <system-out/>
  <testcase classname="Execution.orgChartWorkflow" name="searchByPosition" time="6.078"/>
  <system-out/>
  <testcase classname="Execution.orgChartWorkflow" name="verifySearchByPosition" time="0.290"/>
  <system-out/>
  <testcase classname="Execution.orgChartWorkflow" name="searchByGroup" time="2.501"/>
  <system-out/>
  <testcase classname="Execution.orgChartWorkflow" name="verifySearchByGroup" time="0.351"/>
  <system-out/>
  <testcase classname="Execution.orgChartWorkflow" name="searchByServices" time="4.155"/>
  <system-out/>
  <testcase classname="Execution.orgChartWorkflow" name="verifySearchByService" time="0.309"/>
  <system-out/>
</testsuite> <!-- Execution.orgChartWorkflow -->
