<?xml version="1.0" encoding="UTF-8"?>
<!-- Generated by org.testng.reporters.JUnitReportReporter -->
<testsuite hostname="DESKTOP-OOHKJP3" failures="0" tests="46" name="Execution.reportBuilderWorkflow" time="62.359" errors="0" timestamp="2021-08-25T11:52:44 CDT" skipped="0">
  <testcase classname="Execution.reportBuilderWorkflow" name="testForCertPage" time="1.911"/>
  <system-out/>
  <testcase classname="Execution.reportBuilderWorkflow" name="clickReportBuilder" time="1.462"/>
  <system-out/>
  <testcase classname="Execution.reportBuilderWorkflow" name="inputTextBox01" time="1.701"/>
  <system-out/>
  <testcase classname="Execution.reportBuilderWorkflow" name="selectAnd01" time="1.034"/>
  <system-out/>
  <testcase classname="Execution.reportBuilderWorkflow" name="clickServiceButton02" time="1.614"/>
  <system-out/>
  <testcase classname="Execution.reportBuilderWorkflow" name="selectOr01" time="0.906"/>
  <system-out/>
  <testcase classname="Execution.reportBuilderWorkflow" name="inputTextBox03" time="1.645"/>
  <system-out/>
  <testcase classname="Execution.reportBuilderWorkflow" name="clickServiceButton03" time="2.129"/>
  <system-out/>
  <testcase classname="Execution.reportBuilderWorkflow" name="selectAnd02" time="1.085"/>
  <system-out/>
  <testcase classname="Execution.reportBuilderWorkflow" name="clickTypeButton01" time="2.207"/>
  <system-out/>
  <testcase classname="Execution.reportBuilderWorkflow" name="inputTextBox04" time="3.496"/>
  <system-out/>
  <testcase classname="Execution.reportBuilderWorkflow" name="selectAnd03" time="1.016"/>
  <system-out/>
  <testcase classname="Execution.reportBuilderWorkflow" name="clickTypeButton02" time="1.922"/>
  <system-out/>
  <testcase classname="Execution.reportBuilderWorkflow" name="clickIsNot" time="1.917"/>
  <system-out/>
  <testcase classname="Execution.reportBuilderWorkflow" name="selectNextStep" time="1.107"/>
  <system-out/>
  <testcase classname="Execution.reportBuilderWorkflow" name="selectCheckboxService" time="1.052"/>
  <system-out/>
  <testcase classname="Execution.reportBuilderWorkflow" name="selectCheckboxRequestType" time="1.066"/>
  <system-out/>
  <testcase classname="Execution.reportBuilderWorkflow" name="selectCheckboxCurrentStatus" time="1.023"/>
  <system-out/>
  <testcase classname="Execution.reportBuilderWorkflow" name="selectCheckboxInitiator" time="0.806"/>
  <system-out/>
  <testcase classname="Execution.reportBuilderWorkflow" name="selectCheckboxActionButton" time="1.071"/>
  <system-out/>
  <testcase classname="Execution.reportBuilderWorkflow" name="selectCheckboxCommentHistory" time="1.046"/>
  <system-out/>
  <testcase classname="Execution.reportBuilderWorkflow" name="selectCheckboxApprovalHistory" time="1.045"/>
  <system-out/>
  <testcase classname="Execution.reportBuilderWorkflow" name="selectCheckboxLastAction" time="1.002"/>
  <system-out/>
  <testcase classname="Execution.reportBuilderWorkflow" name="selectCheckboxLastMovement" time="1.043"/>
  <system-out/>
  <testcase classname="Execution.reportBuilderWorkflow" name="selectCheckboxMRTest" time="1.089"/>
  <system-out/>
  <testcase classname="Execution.reportBuilderWorkflow" name="selectMRTestField1" time="1.043"/>
  <system-out/>
  <testcase classname="Execution.reportBuilderWorkflow" name="selectMRTestField2" time="1.060"/>
  <system-out/>
  <testcase classname="Execution.reportBuilderWorkflow" name="selectMRTestField3" time="1.065"/>
  <system-out/>
  <testcase classname="Execution.reportBuilderWorkflow" name="selectGenerateReport" time="1.127"/>
  <system-out/>
  <testcase classname="Execution.reportBuilderWorkflow" name="inputReportName" time="3.821"/>
  <system-out/>
  <testcase classname="Execution.reportBuilderWorkflow" name="selectModifyReport" time="0.989"/>
  <system-out/>
  <testcase classname="Execution.reportBuilderWorkflow" name="removeInitiator" time="0.993"/>
  <system-out/>
  <testcase classname="Execution.reportBuilderWorkflow" name="selectAnd04" time="1.060"/>
  <system-out/>
  <testcase classname="Execution.reportBuilderWorkflow" name="clickTypeButton03" time="1.900"/>
  <system-out/>
  <testcase classname="Execution.reportBuilderWorkflow" name="inputTextBox05" time="2.748"/>
  <system-out/>
  <testcase classname="Execution.reportBuilderWorkflow" name="selectNextStep02" time="1.062"/>
  <system-out/>
  <testcase classname="Execution.reportBuilderWorkflow" name="selectGenerateReport02" time="1.006"/>
  <system-out/>
  <testcase classname="Execution.reportBuilderWorkflow" name="selectEditLabels" time="1.094"/>
  <system-out/>
  <testcase classname="Execution.reportBuilderWorkflow" name="saveEditLabels" time="1.047"/>
  <system-out/>
  <testcase classname="Execution.reportBuilderWorkflow" name="selectShareReport" time="1.088"/>
  <system-out/>
  <testcase classname="Execution.reportBuilderWorkflow" name="clickEmailReport" time="1.065"/>
  <system-out/>
  <testcase classname="Execution.reportBuilderWorkflow" name="closeEmailDialogue" time="0.947"/>
  <system-out/>
  <testcase classname="Execution.reportBuilderWorkflow" name="selectExportReport" time="0.922"/>
  <system-out/>
  <testcase classname="Execution.reportBuilderWorkflow" name="selectJSON" time="0.957"/>
  <system-out/>
  <testcase classname="Execution.reportBuilderWorkflow" name="jsonShortenLink" time="1.001"/>
  <system-out/>
  <testcase classname="Execution.reportBuilderWorkflow" name="jsonCloseForm" time="0.969"/>
  <system-out/>
</testsuite> <!-- Execution.reportBuilderWorkflow -->
