<?xml version="1.0" encoding="UTF-8"?>
<!-- Generated by org.testng.reporters.JUnitReportReporter -->
<testsuite hostname="DESKTOP-OOHKJP3" failures="0" tests="3" name="Execution.adminUserAccessTestTEST" time="6.199" errors="0" timestamp="2021-08-03T15:48:56 CDT" skipped="0">
  <testcase classname="Execution.adminUserAccessTestTEST" name="testForCertPage" time="2.226"/>
  <system-out/>
  <testcase classname="Execution.adminUserAccessTestTEST" name="userAccessHeaderSiteLinks" time="1.242"/>
  <system-out/>
  <testcase classname="Execution.adminUserAccessTestTEST" name="userAccessHeaderHomeLinks" time="2.731"/>
  <system-out/>
</testsuite> <!-- Execution.adminUserAccessTestTEST -->
