<?xml version="1.0" encoding="UTF-8"?>
<!-- Generated by org.testng.reporters.JUnitReportReporter -->
<testsuite hostname="DESKTOP-OOHKJP3" failures="0" tests="30" name="Execution.createNewRequest" time="34.775" errors="0" timestamp="2021-07-29T16:55:15 CDT" skipped="0">
  <testcase classname="Execution.createNewRequest" name="testForCertPage" time="1.853"/>
  <system-out/>
  <testcase classname="Execution.createNewRequest" name="selectNewRequest" time="1.153"/>
  <system-out/>
  <testcase classname="Execution.createNewRequest" name="selectService" time="1.493"/>
  <system-out/>
  <testcase classname="Execution.createNewRequest" name="selectServiceAcuteCare" time="0.927"/>
  <system-out/>
  <testcase classname="Execution.createNewRequest" name="selectRequestPriority" time="0.925"/>
  <system-out/>
  <testcase classname="Execution.createNewRequest" name="selectRequestNormalPriority" time="0.879"/>
  <system-out/>
  <testcase classname="Execution.createNewRequest" name="inputRequestTitle" time="1.022"/>
  <system-out/>
  <testcase classname="Execution.createNewRequest" name="selectMRTestChkBox" time="1.150"/>
  <system-out/>
  <testcase classname="Execution.createNewRequest" name="selectClickToProceedButton" time="1.716"/>
  <system-out/>
  <testcase classname="Execution.createNewRequest" name="cancelRequest" time="0.608"/>
  <system-out/>
  <testcase classname="Execution.createNewRequest" name="confirmCancelNo" time="0.601"/>
  <system-out/>
  <testcase classname="Execution.createNewRequest" name="cancelRequest2" time="0.640"/>
  <system-out/>
  <testcase classname="Execution.createNewRequest" name="confirmCancelYes" time="0.773"/>
  <system-out/>
  <testcase classname="Execution.createNewRequest" name="returnToHomePage" time="1.244"/>
  <system-out/>
  <testcase classname="Execution.createNewRequest" name="selectNewRequest2" time="1.014"/>
  <system-out/>
  <testcase classname="Execution.createNewRequest" name="selectService2" time="1.491"/>
  <system-out/>
  <testcase classname="Execution.createNewRequest" name="selectServiceAcuteCare2" time="0.963"/>
  <system-out/>
  <testcase classname="Execution.createNewRequest" name="selectRequestPriority2" time="1.018"/>
  <system-out/>
  <testcase classname="Execution.createNewRequest" name="selectRequestNormalPriority2" time="0.970"/>
  <system-out/>
  <testcase classname="Execution.createNewRequest" name="inputRequestTitle2" time="1.031"/>
  <system-out/>
  <testcase classname="Execution.createNewRequest" name="selectMRTestChkBox2" time="0.988"/>
  <system-out/>
  <testcase classname="Execution.createNewRequest" name="selectClickToProceedButton2" time="1.830"/>
  <system-out/>
  <testcase classname="Execution.createNewRequest" name="enterFirstAndLastName" time="0.989"/>
  <system-out/>
  <testcase classname="Execution.createNewRequest" name="enterMiddleInitial" time="0.992"/>
  <system-out/>
  <testcase classname="Execution.createNewRequest" name="selectNextQuestion2" time="0.924"/>
  <system-out/>
  <testcase classname="Execution.createNewRequest" name="selectThirdQuestion" time="1.241"/>
  <system-out/>
  <testcase classname="Execution.createNewRequest" name="selectNextQuestion" time="0.930"/>
  <system-out/>
  <testcase classname="Execution.createNewRequest" name="selectSubmitRequest" time="2.660"/>
  <system-out/>
  <testcase classname="Execution.createNewRequest" name="enterRequestCommend" time="1.737"/>
  <system-out/>
  <testcase classname="Execution.createNewRequest" name="selectAcceptJob" time="1.013"/>
  <system-out/>
</testsuite> <!-- Execution.createNewRequest -->
