<?xml version="1.0" encoding="UTF-8"?>
<!-- Generated by org.testng.reporters.JUnitReportReporter -->
<testsuite hostname="DESKTOP-OOHKJP3" failures="0" tests="8" name="Execution.adminUserAccessTest" time="14.918" errors="0" timestamp="2021-08-03T16:18:18 CDT" skipped="0">
  <testcase classname="Execution.adminUserAccessTest" name="testForCertPage" time="2.179"/>
  <system-out/>
  <testcase classname="Execution.adminUserAccessTest" name="userAccessHeaderHome" time="1.643"/>
  <system-out/>
  <testcase classname="Execution.adminUserAccessTest" name="userAccessHeaderReportBuilder" time="1.924"/>
  <system-out/>
  <testcase classname="Execution.adminUserAccessTest" name="userAccessHeaderSiteLinks" time="1.487"/>
  <system-out/>
  <testcase classname="Execution.adminUserAccessTest" name="userAccessHeaderHomeLinks" time="2.556"/>
  <system-out/>
  <testcase classname="Execution.adminUserAccessTest" name="filterByGroup" time="1.525"/>
  <system-out/>
  <testcase classname="Execution.adminUserAccessTest" name="filterByGroupClear" time="0.981"/>
  <system-out/>
  <testcase classname="Execution.adminUserAccessTest" name="filterByName1" time="2.623"/>
  <system-out/>
</testsuite> <!-- Execution.adminUserAccessTest -->
