<?xml version="1.0" encoding="UTF-8"?>
<!-- Generated by org.testng.reporters.JUnitReportReporter -->
<testsuite hostname="DESKTOP-OOHKJP3" failures="0" tests="41" name="Execution.reportBuilderWorkflow" time="55.862" errors="0" timestamp="2021-08-23T16:49:04 CDT" skipped="0">
  <testcase classname="Execution.reportBuilderWorkflow" name="testForCertPage" time="1.984"/>
  <system-out/>
  <testcase classname="Execution.reportBuilderWorkflow" name="clickReportBuilder" time="1.929"/>
  <system-out/>
  <testcase classname="Execution.reportBuilderWorkflow" name="inputTextBox01" time="1.736"/>
  <system-out/>
  <testcase classname="Execution.reportBuilderWorkflow" name="selectAnd01" time="0.906"/>
  <system-out/>
  <testcase classname="Execution.reportBuilderWorkflow" name="clickServiceButton02" time="1.640"/>
  <system-out/>
  <testcase classname="Execution.reportBuilderWorkflow" name="selectOr01" time="0.921"/>
  <system-out/>
  <testcase classname="Execution.reportBuilderWorkflow" name="inputTextBox03" time="1.626"/>
  <system-out/>
  <testcase classname="Execution.reportBuilderWorkflow" name="clickServiceButton03" time="2.175"/>
  <system-out/>
  <testcase classname="Execution.reportBuilderWorkflow" name="selectAnd02" time="1.075"/>
  <system-out/>
  <testcase classname="Execution.reportBuilderWorkflow" name="clickTypeButton01" time="2.137"/>
  <system-out/>
  <testcase classname="Execution.reportBuilderWorkflow" name="inputTextBox04" time="3.375"/>
  <system-out/>
  <testcase classname="Execution.reportBuilderWorkflow" name="selectAnd03" time="0.942"/>
  <system-out/>
  <testcase classname="Execution.reportBuilderWorkflow" name="clickTypeButton02" time="1.860"/>
  <system-out/>
  <testcase classname="Execution.reportBuilderWorkflow" name="clickIsNot" time="1.823"/>
  <system-out/>
  <testcase classname="Execution.reportBuilderWorkflow" name="selectNextStep" time="1.047"/>
  <system-out/>
  <testcase classname="Execution.reportBuilderWorkflow" name="selectCheckboxService" time="1.007"/>
  <system-out/>
  <testcase classname="Execution.reportBuilderWorkflow" name="selectCheckboxRequestType" time="1.024"/>
  <system-out/>
  <testcase classname="Execution.reportBuilderWorkflow" name="selectCheckboxCurrentStatus" time="0.992"/>
  <system-out/>
  <testcase classname="Execution.reportBuilderWorkflow" name="selectCheckboxInitiator" time="0.778"/>
  <system-out/>
  <testcase classname="Execution.reportBuilderWorkflow" name="selectCheckboxActionButton" time="1.041"/>
  <system-out/>
  <testcase classname="Execution.reportBuilderWorkflow" name="selectCheckboxCommentHistory" time="0.996"/>
  <system-out/>
  <testcase classname="Execution.reportBuilderWorkflow" name="selectCheckboxApprovalHistory" time="1.042"/>
  <system-out/>
  <testcase classname="Execution.reportBuilderWorkflow" name="selectCheckboxLastAction" time="1.012"/>
  <system-out/>
  <testcase classname="Execution.reportBuilderWorkflow" name="selectCheckboxLastMovement" time="1.030"/>
  <system-out/>
  <testcase classname="Execution.reportBuilderWorkflow" name="selectCheckboxMaxTest" time="1.030"/>
  <system-out/>
  <testcase classname="Execution.reportBuilderWorkflow" name="selectGenerateReport" time="1.082"/>
  <system-out/>
  <testcase classname="Execution.reportBuilderWorkflow" name="inputReportName" time="3.462"/>
  <system-out/>
  <testcase classname="Execution.reportBuilderWorkflow" name="selectModifyReport" time="0.908"/>
  <system-out/>
  <testcase classname="Execution.reportBuilderWorkflow" name="removeInitiator" time="0.900"/>
  <system-out/>
  <testcase classname="Execution.reportBuilderWorkflow" name="selectAnd04" time="0.977"/>
  <system-out/>
  <testcase classname="Execution.reportBuilderWorkflow" name="clickTypeButton03" time="1.864"/>
  <system-out/>
  <testcase classname="Execution.reportBuilderWorkflow" name="inputTextBox05" time="2.603"/>
  <system-out/>
  <testcase classname="Execution.reportBuilderWorkflow" name="selectNextStep02" time="0.968"/>
  <system-out/>
  <testcase classname="Execution.reportBuilderWorkflow" name="selectGenerateReport02" time="0.963"/>
  <system-out/>
  <testcase classname="Execution.reportBuilderWorkflow" name="selectEditLabels" time="0.921"/>
  <system-out/>
  <testcase classname="Execution.reportBuilderWorkflow" name="saveEditLabels" time="1.039"/>
  <system-out/>
  <testcase classname="Execution.reportBuilderWorkflow" name="selectShareReport" time="1.062"/>
  <system-out/>
  <testcase classname="Execution.reportBuilderWorkflow" name="clickEmailReport" time="1.051"/>
  <system-out/>
  <testcase classname="Execution.reportBuilderWorkflow" name="closeEmailDialogue" time="1.040"/>
  <system-out/>
  <testcase classname="Execution.reportBuilderWorkflow" name="selectExportReport" time="0.955"/>
  <system-out/>
  <testcase classname="Execution.reportBuilderWorkflow" name="selectJSON" time="0.939"/>
  <system-out/>
</testsuite> <!-- Execution.reportBuilderWorkflow -->
