<?xml version="1.0" encoding="UTF-8"?>
<!-- Generated by org.testng.reporters.JUnitReportReporter -->
<testsuite hostname="DESKTOP-OOHKJP3" failures="0" tests="26" name="Execution.adminPageTest" time="72.764" errors="0" timestamp="2021-08-03T15:31:17 CDT" skipped="0">
  <testcase classname="Execution.adminPageTest" name="testForCertPage" time="2.497"/>
  <system-out/>
  <testcase classname="Execution.adminPageTest" name="verifyAdminPageTitle" time="0.021"/>
  <system-out/>
  <testcase classname="Execution.adminPageTest" name="adminHeaderHome" time="2.320"/>
  <system-out/>
  <testcase classname="Execution.adminPageTest" name="adminHeaderReportBuilder" time="3.379"/>
  <system-out/>
  <testcase classname="Execution.adminPageTest" name="adminHeaderSiteLinks" time="2.455"/>
  <system-out/>
  <testcase classname="Execution.adminPageTest" name="headerAdminHomeLinks" time="3.376"/>
  <system-out/>
  <testcase classname="Execution.adminPageTest" name="headerAdminUserAccessGroups" time="2.020"/>
  <system-out/>
  <testcase classname="Execution.adminPageTest" name="adminUserAccessGroupsLink" time="2.645"/>
  <system-out/>
  <testcase classname="Execution.adminPageTest" name="adminServiceChiefsLabel" time="2.913"/>
  <system-out/>
  <testcase classname="Execution.adminPageTest" name="adminWorkflowEditorButton" time="2.453"/>
  <system-out/>
  <testcase classname="Execution.adminPageTest" name="adminFormEditorButton" time="3.143"/>
  <system-out/>
  <testcase classname="Execution.adminPageTest" name="adminLeafLibraryButton" time="3.166"/>
  <system-out/>
  <testcase classname="Execution.adminPageTest" name="adminSiteSettingsButton" time="2.891"/>
  <system-out/>
  <testcase classname="Execution.adminPageTest" name="adminReportBuilderButton" time="2.967"/>
  <system-out/>
  <testcase classname="Execution.adminPageTest" name="adminTimelineExplorerButtonl" time="3.630"/>
  <system-out/>
  <testcase classname="Execution.adminPageTest" name="adminTemplateEditorButton" time="3.672"/>
  <system-out/>
  <testcase classname="Execution.adminPageTest" name="adminEmailTemplateEditorButton" time="2.890"/>
  <system-out/>
  <testcase classname="Execution.adminPageTest" name="adminLEAFProgrammerButton" time="2.901"/>
  <system-out/>
  <testcase classname="Execution.adminPageTest" name="adminFileManagerButton" time="2.873"/>
  <system-out/>
  <testcase classname="Execution.adminPageTest" name="adminSearchDatabaseButton" time="2.551"/>
  <system-out/>
  <testcase classname="Execution.adminPageTest" name="adminSyncServicesButton" time="2.673"/>
  <system-out/>
  <testcase classname="Execution.adminPageTest" name="adminUpdateDatabaseButton" time="2.859"/>
  <system-out/>
  <testcase classname="Execution.adminPageTest" name="adminImportSpreadsheetButton" time="3.447"/>
  <system-out/>
  <testcase classname="Execution.adminPageTest" name="adminMassActionsButton" time="2.977"/>
  <system-out/>
  <testcase classname="Execution.adminPageTest" name="adminInitiatorNewAccountButton" time="2.973"/>
  <system-out/>
  <testcase classname="Execution.adminPageTest" name="adminSitemapEditorButton" time="3.072"/>
  <system-out/>
</testsuite> <!-- Execution.adminPageTest -->
