<?xml version="1.0" encoding="UTF-8"?>
<!-- Generated by org.testng.reporters.JUnitReportReporter -->
<testsuite hostname="DESKTOP-OOHKJP3" failures="0" tests="12" name="Execution.homePageTest" time="29.772" errors="0" timestamp="2021-07-29T16:55:15 CDT" skipped="0">
  <testcase classname="Execution.homePageTest" name="testForCertPage" time="2.157"/>
  <system-out/>
  <testcase classname="Execution.homePageTest" name="verifyPageTitle" time="0.017"/>
  <system-out/>
  <testcase classname="Execution.homePageTest" name="selectNewRequest" time="1.683"/>
  <system-out/>
  <testcase classname="Execution.homePageTest" name="selectInbox" time="3.392"/>
  <system-out/>
  <testcase classname="Execution.homePageTest" name="selectBookmarks" time="3.265"/>
  <system-out/>
  <testcase classname="Execution.homePageTest" name="selectReportBuilder" time="3.279"/>
  <system-out/>
  <testcase classname="Execution.homePageTest" name="showMoreRecords" time="2.498"/>
  <system-out/>
  <testcase classname="Execution.homePageTest" name="basicSearchNumber" time="2.701"/>
  <system-out/>
  <testcase classname="Execution.homePageTest" name="basicSearchText" time="3.553"/>
  <system-out/>
  <testcase classname="Execution.homePageTest" name="linksDropdown" time="2.043"/>
  <system-out/>
  <testcase classname="Execution.homePageTest" name="helpDropdown" time="1.542"/>
  <system-out/>
  <testcase classname="Execution.homePageTest" name="adminPanelPage" time="3.642"/>
  <system-out/>
</testsuite> <!-- Execution.homePageTest -->
