<?xml version="1.0" encoding="UTF-8"?>
<!-- Generated by org.testng.reporters.JUnitReportReporter -->
<testsuite hostname="DESKTOP-OOHKJP3" failures="0" tests="12" name="Execution.homePageTest" time="32.753" errors="0" timestamp="2021-08-03T15:31:17 CDT" skipped="0">
  <testcase classname="Execution.homePageTest" name="testForCertPage" time="2.711"/>
  <system-out/>
  <testcase classname="Execution.homePageTest" name="verifyPageTitle" time="0.014"/>
  <system-out/>
  <testcase classname="Execution.homePageTest" name="selectNewRequest" time="2.014"/>
  <system-out/>
  <testcase classname="Execution.homePageTest" name="selectInbox" time="4.253"/>
  <system-out/>
  <testcase classname="Execution.homePageTest" name="selectBookmarks" time="3.389"/>
  <system-out/>
  <testcase classname="Execution.homePageTest" name="selectReportBuilder" time="3.708"/>
  <system-out/>
  <testcase classname="Execution.homePageTest" name="showMoreRecords" time="2.587"/>
  <system-out/>
  <testcase classname="Execution.homePageTest" name="basicSearchNumber" time="2.739"/>
  <system-out/>
  <testcase classname="Execution.homePageTest" name="basicSearchText" time="3.655"/>
  <system-out/>
  <testcase classname="Execution.homePageTest" name="linksDropdown" time="2.110"/>
  <system-out/>
  <testcase classname="Execution.homePageTest" name="helpDropdown" time="1.598"/>
  <system-out/>
  <testcase classname="Execution.homePageTest" name="adminPanelPage" time="3.975"/>
  <system-out/>
</testsuite> <!-- Execution.homePageTest -->
