<?xml version="1.0" encoding="UTF-8"?>
<!-- Generated by org.testng.reporters.JUnitReportReporter -->
<testsuite hostname="DESKTOP-OOHKJP3" failures="0" tests="26" name="Execution.adminPageTest" time="68.390" errors="0" timestamp="2021-07-29T16:55:15 CDT" skipped="0">
  <testcase classname="Execution.adminPageTest" name="testForCertPage" time="2.465"/>
  <system-out/>
  <testcase classname="Execution.adminPageTest" name="verifyAdminPageTitle" time="0.016"/>
  <system-out/>
  <testcase classname="Execution.adminPageTest" name="adminHeaderHome" time="2.432"/>
  <system-out/>
  <testcase classname="Execution.adminPageTest" name="adminHeaderReportBuilder" time="3.164"/>
  <system-out/>
  <testcase classname="Execution.adminPageTest" name="adminHeaderSiteLinks" time="2.440"/>
  <system-out/>
  <testcase classname="Execution.adminPageTest" name="headerAdminHomeLinks" time="3.039"/>
  <system-out/>
  <testcase classname="Execution.adminPageTest" name="headerAdminUserAccessGroups" time="1.898"/>
  <system-out/>
  <testcase classname="Execution.adminPageTest" name="adminUserAccessGroupsLink" time="2.605"/>
  <system-out/>
  <testcase classname="Execution.adminPageTest" name="adminServiceChiefsLabel" time="2.810"/>
  <system-out/>
  <testcase classname="Execution.adminPageTest" name="adminWorkflowEditorButton" time="2.251"/>
  <system-out/>
  <testcase classname="Execution.adminPageTest" name="adminFormEditorButton" time="3.030"/>
  <system-out/>
  <testcase classname="Execution.adminPageTest" name="adminLeafLibraryButton" time="2.693"/>
  <system-out/>
  <testcase classname="Execution.adminPageTest" name="adminSiteSettingsButton" time="2.635"/>
  <system-out/>
  <testcase classname="Execution.adminPageTest" name="adminReportBuilderButton" time="3.195"/>
  <system-out/>
  <testcase classname="Execution.adminPageTest" name="adminTimelineExplorerButtonl" time="3.463"/>
  <system-out/>
  <testcase classname="Execution.adminPageTest" name="adminTemplateEditorButton" time="2.857"/>
  <system-out/>
  <testcase classname="Execution.adminPageTest" name="adminEmailTemplateEditorButton" time="2.702"/>
  <system-out/>
  <testcase classname="Execution.adminPageTest" name="adminLEAFProgrammerButton" time="2.758"/>
  <system-out/>
  <testcase classname="Execution.adminPageTest" name="adminFileManagerButton" time="2.588"/>
  <system-out/>
  <testcase classname="Execution.adminPageTest" name="adminSearchDatabaseButton" time="2.476"/>
  <system-out/>
  <testcase classname="Execution.adminPageTest" name="adminSyncServicesButton" time="2.536"/>
  <system-out/>
  <testcase classname="Execution.adminPageTest" name="adminUpdateDatabaseButton" time="2.538"/>
  <system-out/>
  <testcase classname="Execution.adminPageTest" name="adminImportSpreadsheetButton" time="3.372"/>
  <system-out/>
  <testcase classname="Execution.adminPageTest" name="adminMassActionsButton" time="2.914"/>
  <system-out/>
  <testcase classname="Execution.adminPageTest" name="adminInitiatorNewAccountButton" time="2.761"/>
  <system-out/>
  <testcase classname="Execution.adminPageTest" name="adminSitemapEditorButton" time="2.752"/>
  <system-out/>
</testsuite> <!-- Execution.adminPageTest -->
