<?xml version="1.0" encoding="UTF-8"?>
<!-- Generated by org.testng.reporters.JUnitReportReporter -->
<testsuite hostname="DESKTOP-OOHKJP3" failures="0" tests="62" name="Execution.adminUserAccessTest" time="123.096" errors="0" timestamp="2021-07-29T16:55:15 CDT" skipped="0">
  <testcase classname="Execution.adminUserAccessTest" name="testForCertPage" time="2.879"/>
  <system-out/>
  <testcase classname="Execution.adminUserAccessTest" name="userAccessHeaderHome" time="2.228"/>
  <system-out/>
  <testcase classname="Execution.adminUserAccessTest" name="userAccessHeaderReportBuilder" time="2.157"/>
  <system-out/>
  <testcase classname="Execution.adminUserAccessTest" name="userAccessHeaderSiteLinks" time="1.518"/>
  <system-out/>
  <testcase classname="Execution.adminUserAccessTest" name="userAccessHeaderHomeLinks" time="2.372"/>
  <system-out/>
  <testcase classname="Execution.adminUserAccessTest" name="filterByGroup" time="1.463"/>
  <system-out/>
  <testcase classname="Execution.adminUserAccessTest" name="filterByGroupClear" time="0.579"/>
  <system-out/>
  <testcase classname="Execution.adminUserAccessTest" name="filterByName1" time="1.711"/>
  <system-out/>
  <testcase classname="Execution.adminUserAccessTest" name="selectedSysAdmin" time="0.848"/>
  <system-out/>
  <testcase classname="Execution.adminUserAccessTest" name="clickHistory" time="1.753"/>
  <system-out/>
  <testcase classname="Execution.adminUserAccessTest" name="closeHistory" time="1.434"/>
  <system-out/>
  <testcase classname="Execution.adminUserAccessTest" name="cancelPopUpMenu" time="2.008"/>
  <system-out/>
  <testcase classname="Execution.adminUserAccessTest" name="filterByName2" time="3.932"/>
  <system-out/>
  <testcase classname="Execution.adminUserAccessTest" name="selectedSysAdmin2" time="2.483"/>
  <system-out/>
  <testcase classname="Execution.adminUserAccessTest" name="inputAdminCandidate" time="1.913"/>
  <system-out/>
  <testcase classname="Execution.adminUserAccessTest" name="selectAdminCandidate" time="2.531"/>
  <system-out/>
  <testcase classname="Execution.adminUserAccessTest" name="clickAddAdministrator" time="2.526"/>
  <system-out/>
  <testcase classname="Execution.adminUserAccessTest" name="recallSysAdminDialogue" time="2.505"/>
  <system-out/>
  <testcase classname="Execution.adminUserAccessTest" name="verifyAddAdministrator" time="2.443"/>
  <system-out/>
  <testcase classname="Execution.adminUserAccessTest" name="removeAddedAdministrator" time="2.495"/>
  <system-out/>
  <testcase classname="Execution.adminUserAccessTest" name="clickLeftMenuSysAdmins" time="1.551"/>
  <system-out/>
  <testcase classname="Execution.adminUserAccessTest" name="clickLeftUserGroups" time="1.486"/>
  <system-out/>
  <testcase classname="Execution.adminUserAccessTest" name="clickLeftMenuAllGroups" time="1.518"/>
  <system-out/>
  <testcase classname="Execution.adminUserAccessTest" name="clickLeftMenuCreateGroup" time="1.503"/>
  <system-out/>
  <testcase classname="Execution.adminUserAccessTest" name="inputGroupTitle" time="7.913"/>
  <system-out/>
  <testcase classname="Execution.adminUserAccessTest" name="clickSaveButton" time="1.481"/>
  <system-out/>
  <testcase classname="Execution.adminUserAccessTest" name="getNewlyCreatedUserGroup" time="1.485"/>
  <system-out/>
  <testcase classname="Execution.adminUserAccessTest" name="findMemberInputBox" time="2.693"/>
  <system-out/>
  <testcase classname="Execution.adminUserAccessTest" name="selectGroupMember" time="1.514"/>
  <system-out/>
  <testcase classname="Execution.adminUserAccessTest" name="saveNameToGroup1" time="1.466"/>
  <system-out/>
  <testcase classname="Execution.adminUserAccessTest" name="getNewlyCreatedUserGroup2" time="1.495"/>
  <system-out/>
  <testcase classname="Execution.adminUserAccessTest" name="findMemberInputBox2" time="2.668"/>
  <system-out/>
  <testcase classname="Execution.adminUserAccessTest" name="selectGroupMember2" time="1.488"/>
  <system-out/>
  <testcase classname="Execution.adminUserAccessTest" name="saveNameToGroup2" time="1.465"/>
  <system-out/>
  <testcase classname="Execution.adminUserAccessTest" name="getNewlyCreatedUserGroup3" time="1.464"/>
  <system-out/>
  <testcase classname="Execution.adminUserAccessTest" name="getGroupMember1" time="2.450"/>
  <system-out/>
  <testcase classname="Execution.adminUserAccessTest" name="removeGroupMember1" time="2.528"/>
  <system-out/>
  <testcase classname="Execution.adminUserAccessTest" name="getNewlyCreatedUserGroup4" time="1.449"/>
  <system-out/>
  <testcase classname="Execution.adminUserAccessTest" name="deleteUserGroup" time="1.465"/>
  <system-out/>
  <testcase classname="Execution.adminUserAccessTest" name="cancelDeleteUserGroup" time="1.500"/>
  <system-out/>
  <testcase classname="Execution.adminUserAccessTest" name="deleteUserGroup2" time="1.494"/>
  <system-out/>
  <testcase classname="Execution.adminUserAccessTest" name="confirmDeleteUserGroup" time="1.481"/>
  <system-out/>
  <testcase classname="Execution.adminUserAccessTest" name="selectImportGroup" time="1.487"/>
  <system-out/>
  <testcase classname="Execution.adminUserAccessTest" name="cancelDialogueBox" time="1.492"/>
  <system-out/>
  <testcase classname="Execution.adminUserAccessTest" name="selectImportGroup2" time="1.514"/>
  <system-out/>
  <testcase classname="Execution.adminUserAccessTest" name="inputImportGroupTitle" time="5.017"/>
  <system-out/>
  <testcase classname="Execution.adminUserAccessTest" name="selectGroupBasedOnSearch" time="1.497"/>
  <system-out/>
  <testcase classname="Execution.adminUserAccessTest" name="selectImportedGroupOnPage" time="1.388"/>
  <system-out/>
  <testcase classname="Execution.adminUserAccessTest" name="inputImportGroupMember1" time="2.961"/>
  <system-out/>
  <testcase classname="Execution.adminUserAccessTest" name="saveGroup" time="1.547"/>
  <system-out/>
  <testcase classname="Execution.adminUserAccessTest" name="selectImportedGroupOnPage2" time="1.497"/>
  <system-out/>
  <testcase classname="Execution.adminUserAccessTest" name="inputImportGroupMember2" time="4.467"/>
  <system-out/>
  <testcase classname="Execution.adminUserAccessTest" name="saveGroup2" time="1.484"/>
  <system-out/>
  <testcase classname="Execution.adminUserAccessTest" name="selectImportedGroup" time="1.468"/>
  <system-out/>
  <testcase classname="Execution.adminUserAccessTest" name="viewHistory" time="1.515"/>
  <system-out/>
  <testcase classname="Execution.adminUserAccessTest" name="closeViewHistory" time="1.453"/>
  <system-out/>
  <testcase classname="Execution.adminUserAccessTest" name="deleteUserGroup3" time="1.490"/>
  <system-out/>
  <testcase classname="Execution.adminUserAccessTest" name="confirmDeleteUserGroup4" time="1.493"/>
  <system-out/>
  <testcase classname="Execution.adminUserAccessTest" name="runDeleteUserGroup" time="1.460"/>
  <system-out/>
  <testcase classname="Execution.adminUserAccessTest" name="confirmDeleteUserGroup2" time="1.480"/>
  <system-out/>
  <testcase classname="Execution.adminUserAccessTest" name="clickedLeftMenuShowHistory" time="1.536"/>
  <system-out/>
  <testcase classname="Execution.adminUserAccessTest" name="closeShowHistory" time="1.515"/>
  <system-out/>
</testsuite> <!-- Execution.adminUserAccessTest -->
