<?xml version="1.0" encoding="UTF-8"?>
<!-- Generated by org.testng.reporters.JUnitReportReporter -->
<testsuite hostname="DESKTOP-OOHKJP3" failures="0" tests="15" name="Execution.reportBuilderWorkflow" time="27.434" errors="0" timestamp="2021-08-09T16:39:08 CDT" skipped="0">
  <testcase classname="Execution.reportBuilderWorkflow" name="testForCertPage" time="2.036"/>
  <system-out/>
  <testcase classname="Execution.reportBuilderWorkflow" name="clickReportBuilder" time="1.520"/>
  <system-out/>
  <testcase classname="Execution.reportBuilderWorkflow" name="inputTextBox01" time="2.161"/>
  <system-out/>
  <testcase classname="Execution.reportBuilderWorkflow" name="selectAnd01" time="0.959"/>
  <system-out/>
  <testcase classname="Execution.reportBuilderWorkflow" name="clickServiceButton02" time="1.664"/>
  <system-out/>
  <testcase classname="Execution.reportBuilderWorkflow" name="selectOr01" time="0.931"/>
  <system-out/>
  <testcase classname="Execution.reportBuilderWorkflow" name="inputTextBox03" time="1.769"/>
  <system-out/>
  <testcase classname="Execution.reportBuilderWorkflow" name="clickServiceButton03" time="2.175"/>
  <system-out/>
  <testcase classname="Execution.reportBuilderWorkflow" name="selectAnd02" time="1.096"/>
  <system-out/>
  <testcase classname="Execution.reportBuilderWorkflow" name="clickTypeButton01" time="2.133"/>
  <system-out/>
  <testcase classname="Execution.reportBuilderWorkflow" name="inputTextBox04" time="5.060"/>
  <system-out/>
  <testcase classname="Execution.reportBuilderWorkflow" name="selectAnd03" time="1.044"/>
  <system-out/>
  <testcase classname="Execution.reportBuilderWorkflow" name="clickTypeButton02" time="1.799"/>
  <system-out/>
  <testcase classname="Execution.reportBuilderWorkflow" name="clickIsNot" time="1.964"/>
  <system-out/>
  <testcase classname="Execution.reportBuilderWorkflow" name="selectNextStep" time="1.123"/>
  <system-out/>
</testsuite> <!-- Execution.reportBuilderWorkflow -->
