<?xml version="1.0" encoding="UTF-8"?>
<!-- Generated by org.testng.reporters.JUnitReportReporter -->
<testsuite hostname="DESKTOP-OOHKJP3" failures="0" tests="30" name="Execution.createNewRequest" time="37.830" errors="0" timestamp="2021-08-03T15:31:17 CDT" skipped="0">
  <testcase classname="Execution.createNewRequest" name="testForCertPage" time="1.887"/>
  <system-out/>
  <testcase classname="Execution.createNewRequest" name="selectNewRequest" time="1.247"/>
  <system-out/>
  <testcase classname="Execution.createNewRequest" name="selectService" time="1.577"/>
  <system-out/>
  <testcase classname="Execution.createNewRequest" name="selectServiceAcuteCare" time="0.957"/>
  <system-out/>
  <testcase classname="Execution.createNewRequest" name="selectRequestPriority" time="0.965"/>
  <system-out/>
  <testcase classname="Execution.createNewRequest" name="selectRequestNormalPriority" time="0.918"/>
  <system-out/>
  <testcase classname="Execution.createNewRequest" name="inputRequestTitle" time="1.087"/>
  <system-out/>
  <testcase classname="Execution.createNewRequest" name="selectMRTestChkBox" time="1.254"/>
  <system-out/>
  <testcase classname="Execution.createNewRequest" name="selectClickToProceedButton" time="1.830"/>
  <system-out/>
  <testcase classname="Execution.createNewRequest" name="cancelRequest" time="0.667"/>
  <system-out/>
  <testcase classname="Execution.createNewRequest" name="confirmCancelNo" time="0.707"/>
  <system-out/>
  <testcase classname="Execution.createNewRequest" name="cancelRequest2" time="0.783"/>
  <system-out/>
  <testcase classname="Execution.createNewRequest" name="confirmCancelYes" time="0.890"/>
  <system-out/>
  <testcase classname="Execution.createNewRequest" name="returnToHomePage" time="1.385"/>
  <system-out/>
  <testcase classname="Execution.createNewRequest" name="selectNewRequest2" time="1.127"/>
  <system-out/>
  <testcase classname="Execution.createNewRequest" name="selectService2" time="1.586"/>
  <system-out/>
  <testcase classname="Execution.createNewRequest" name="selectServiceAcuteCare2" time="1.074"/>
  <system-out/>
  <testcase classname="Execution.createNewRequest" name="selectRequestPriority2" time="1.115"/>
  <system-out/>
  <testcase classname="Execution.createNewRequest" name="selectRequestNormalPriority2" time="1.063"/>
  <system-out/>
  <testcase classname="Execution.createNewRequest" name="inputRequestTitle2" time="1.124"/>
  <system-out/>
  <testcase classname="Execution.createNewRequest" name="selectMRTestChkBox2" time="1.062"/>
  <system-out/>
  <testcase classname="Execution.createNewRequest" name="selectClickToProceedButton2" time="1.892"/>
  <system-out/>
  <testcase classname="Execution.createNewRequest" name="enterFirstAndLastName" time="1.079"/>
  <system-out/>
  <testcase classname="Execution.createNewRequest" name="enterMiddleInitial" time="1.101"/>
  <system-out/>
  <testcase classname="Execution.createNewRequest" name="selectNextQuestion2" time="1.120"/>
  <system-out/>
  <testcase classname="Execution.createNewRequest" name="selectThirdQuestion" time="1.298"/>
  <system-out/>
  <testcase classname="Execution.createNewRequest" name="selectNextQuestion" time="1.051"/>
  <system-out/>
  <testcase classname="Execution.createNewRequest" name="selectSubmitRequest" time="2.899"/>
  <system-out/>
  <testcase classname="Execution.createNewRequest" name="enterRequestCommend" time="1.940"/>
  <system-out/>
  <testcase classname="Execution.createNewRequest" name="selectAcceptJob" time="1.145"/>
  <system-out/>
</testsuite> <!-- Execution.createNewRequest -->
